This file contains any messages produced by compilers while
running configure, to aid debugging if configure makes a mistake.

It was created by openvswitch configure 2.5.10, which was
generated by GNU Autoconf 2.69.  Invocation command line was

  $ ./configure 

## --------- ##
## Platform. ##
## --------- ##

hostname = Vexpress
uname -m = armv7l
uname -r = 4.5.0
uname -s = Linux
uname -v = #19 SMP PREEMPT Thu May 27 17:04:16 CST 2021

/usr/bin/uname -p = unknown
/bin/uname -X     = unknown

/bin/arch              = unknown
/usr/bin/arch -k       = unknown
/usr/convex/getsysinfo = unknown
/usr/bin/hostinfo      = unknown
/bin/machine           = unknown
/usr/bin/oslevel       = unknown
/bin/universe          = unknown

PATH: /usr/bin
PATH: /usr/sbin
PATH: /bin
PATH: /sbin


## ----------- ##
## Core tests. ##
## ----------- ##

configure:2696: checking for a BSD-compatible install
configure:2764: result: /usr/bin/install -c
configure:2775: checking whether build environment is sane
configure:2830: result: yes
configure:2981: checking for a thread-safe mkdir -p
configure:3020: result: build-aux/install-sh -c -d
configure:3027: checking for gawk
configure:3057: result: no
configure:3027: checking for mawk
configure:3057: result: no
configure:3027: checking for nawk
configure:3057: result: no
configure:3027: checking for awk
configure:3043: found /usr/bin/awk
configure:3054: result: awk
configure:3065: checking whether make sets $(MAKE)
configure:3091: result: no
configure:3116: checking whether make supports nested variables
configure:3133: result: no
configure:3212: checking how to create a pax tar archive
configure:3223: tar --version
tar (busybox) 1.25.0.git
configure:3226: $? = 0
configure:3266: tardir=conftest.dir && eval tar --format=posix -chf - "$tardir" >conftest.tar
tar: unrecognized option '--format=posix'
BusyBox v1.25.0.git (2020-03-14 03:47:38 PDT) multi-call binary.

Usage: tar -[cxtzJjahmvO] [-X FILE] [-T FILE] [-f TARFILE] [-C DIR] [FILE]...

Create, extract, or list files from a tar file

Operation:
	c	Create
	x	Extract
	t	List
	f	Name of TARFILE ('-' for stdin/out)
	C	Change to DIR before operation
	v	Verbose
	z	(De)compress using gzip
	J	(De)compress using xz
	j	(De)compress using bzip2
	a	(De)compress using lzma
	O	Extract to stdout
	h	Follow symlinks
	m	Don't restore mtime
	exclude	File to exclude
	X	File with names to exclude
	T	File with names to include
configure:3269: $? = 1
configure:3266: tardir=conftest.dir && eval pax -L -x pax -w "$tardir" >conftest.tar
./configure: eval: line 1: pax: not found
configure:3269: $? = 127
configure:3266: tardir=conftest.dir && eval find "$tardir" -print | cpio -o -H pax -L >conftest.tar
BusyBox v1.25.0.git (2020-03-14 03:47:38 PDT) multi-call binary.

Usage: cpio [-dmvu] [-F FILE] [-R USER[:GRP]] [-H newc] [-tio] [-p DIR] [EXTR_FILE]...

Extract or list files from a cpio archive, or
create an archive (-o) or copy files (-p) using file list on stdin

Main operation mode:
	-t	List
	-i	Extract EXTR_FILEs (or all)
	-o	Create (requires -H newc)
	-p DIR	Copy files to DIR
Options:
	-d	Make leading directories
	-m	Preserve mtime
	-v	Verbose
	-u	Overwrite
	-F FILE	Input (-t,-i,-p) or output (-o) file
	-R USER[:GRP]	Set owner of created files
	-H newc	Archive format
configure:3269: $? = 1
configure:3266: tardir=conftest.dir && eval false >conftest.tar
configure:3269: $? = 1
configure:3294: result: none
configure:3357: checking for style of include used by make
configure:3385: result: none
configure:3456: checking for gcc
configure:3486: result: no
configure:3549: checking for cc
configure:3596: result: no
configure:3652: checking for cl.exe
configure:3682: result: no
configure:3706: error: in `/host/opvswitch/openvswitch-2.5.10':
configure:3709: error: no acceptable C compiler found in $PATH
See `config.log' for more details

## ---------------- ##
## Cache variables. ##
## ---------------- ##

ac_cv_env_CC_set=''
ac_cv_env_CC_value=''
ac_cv_env_CFLAGS_set=''
ac_cv_env_CFLAGS_value=''
ac_cv_env_CPPFLAGS_set=''
ac_cv_env_CPPFLAGS_value=''
ac_cv_env_CPP_set=''
ac_cv_env_CPP_value=''
ac_cv_env_KARCH_set=''
ac_cv_env_KARCH_value=''
ac_cv_env_LDFLAGS_set=''
ac_cv_env_LDFLAGS_value=''
ac_cv_env_LIBS_set=''
ac_cv_env_LIBS_value=''
ac_cv_env_LT_SYS_LIBRARY_PATH_set=''
ac_cv_env_LT_SYS_LIBRARY_PATH_value=''
ac_cv_env_PERL_set=''
ac_cv_env_PERL_value=''
ac_cv_env_build_alias_set=''
ac_cv_env_build_alias_value=''
ac_cv_env_host_alias_set=''
ac_cv_env_host_alias_value=''
ac_cv_env_target_alias_set=''
ac_cv_env_target_alias_value=''
ac_cv_path_install='/usr/bin/install -c'
ac_cv_prog_AWK='awk'
ac_cv_prog_make_make_set='no'
am_cv_make_support_nested_variables='no'
am_cv_prog_tar_pax='none'

## ----------------- ##
## Output variables. ##
## ----------------- ##

ACLOCAL='${SHELL} /host/opvswitch/openvswitch-2.5.10/build-aux/missing aclocal-1.15'
AMDEPBACKSLASH='\'
AMDEP_FALSE='#'
AMDEP_TRUE=''
AMTAR='$${TAR-tar}'
AM_BACKSLASH='\'
AM_DEFAULT_V='1'
AM_DEFAULT_VERBOSITY='1'
AM_V='1'
AR=''
AUTOCONF='${SHELL} /host/opvswitch/openvswitch-2.5.10/build-aux/missing autoconf'
AUTOHEADER='${SHELL} /host/opvswitch/openvswitch-2.5.10/build-aux/missing autoheader'
AUTOM4TE=''
AUTOMAKE='${SHELL} /host/opvswitch/openvswitch-2.5.10/build-aux/missing automake-1.15'
AWK='awk'
CAPNG_LDADD=''
CC=''
CCDEPMODE=''
CFLAGS=''
CGCCFLAGS=''
CPP=''
CPPFLAGS=''
CYGPATH_W='echo'
DBDIR=''
DEFS=''
DEPDIR='.deps'
DLLTOOL=''
DPDK_NETDEV_FALSE=''
DPDK_NETDEV_TRUE=''
DPDK_vswitchd_LDFLAGS=''
DSYMUTIL=''
DUMPBIN=''
ECHO_C=''
ECHO_N='-n'
ECHO_T=''
EGREP=''
ESX_FALSE=''
ESX_TRUE=''
EXEEXT=''
FGREP=''
GNU_MAKE_FALSE=''
GNU_MAKE_TRUE=''
GREP=''
HAVE_DOT_FALSE=''
HAVE_DOT_TRUE=''
HAVE_GROFF_FALSE=''
HAVE_GROFF_TRUE=''
HAVE_IF_DL_FALSE=''
HAVE_IF_DL_TRUE=''
HAVE_IF_PACKET_FALSE=''
HAVE_IF_PACKET_TRUE=''
HAVE_LIBCAPNG=''
HAVE_LIBCAPNG_FALSE=''
HAVE_LIBCAPNG_TRUE=''
HAVE_NETLINK_FALSE=''
HAVE_NETLINK_TRUE=''
HAVE_OPENSSL=''
HAVE_OPENSSL_FALSE=''
HAVE_OPENSSL_TRUE=''
HAVE_POSIX_AIO_FALSE=''
HAVE_POSIX_AIO_TRUE=''
HAVE_PYTHON=''
HAVE_PYTHON_FALSE=''
HAVE_PYTHON_TRUE=''
HAVE_WNO_UNUSED_FALSE=''
HAVE_WNO_UNUSED_PARAMETER_FALSE=''
HAVE_WNO_UNUSED_PARAMETER_TRUE=''
HAVE_WNO_UNUSED_TRUE=''
INCLUDE_NEXT=''
INCLUDE_NEXT_AS_FIRST_DIRECTIVE=''
INSTALL_DATA='${INSTALL} -m 644'
INSTALL_PROGRAM='${INSTALL}'
INSTALL_SCRIPT='${INSTALL}'
INSTALL_STRIP_PROGRAM='$(install_sh) -c -s'
KARCH=''
KBUILD=''
LD=''
LDFLAGS=''
LIBOBJS=''
LIBS=''
LIBTOOL=''
LINUX_ENABLED_FALSE=''
LINUX_ENABLED_TRUE=''
LINUX_FALSE=''
LINUX_TRUE=''
LIPO=''
LN_S=''
LOGDIR=''
LTLIBOBJS=''
LT_AGE=''
LT_CURRENT=''
LT_REVISION=''
LT_SYS_LIBRARY_PATH=''
MAKEINFO='${SHELL} /host/opvswitch/openvswitch-2.5.10/build-aux/missing makeinfo'
MANIFEST_TOOL=''
MKDIR_P='build-aux/install-sh -c -d'
MSVC64_LDFLAGS=''
MSVC_CFLAGS=''
NDEBUG_FALSE=''
NDEBUG_TRUE=''
NEXT_AS_FIRST_DIRECTIVE_STDIO_H=''
NEXT_AS_FIRST_DIRECTIVE_STRING_H=''
NEXT_STDIO_H=''
NEXT_STRING_H=''
NM=''
NMEDIT=''
OBJDUMP=''
OBJEXT=''
OTOOL64=''
OTOOL=''
OVS_CFLAGS=''
OVS_LDFLAGS=''
PACKAGE='openvswitch'
PACKAGE_BUGREPORT='bugs@openvswitch.org'
PACKAGE_NAME='openvswitch'
PACKAGE_STRING='openvswitch 2.5.10'
PACKAGE_TARNAME='openvswitch'
PACKAGE_URL=''
PACKAGE_VERSION='2.5.10'
PATH_SEPARATOR=':'
PERL=''
PKG_CONFIG=''
PKIDIR=''
PRAGMA_COLUMNS=''
PRAGMA_SYSTEM_HEADER=''
PTHREAD_INCLUDES=''
PTHREAD_LDFLAGS=''
PTHREAD_LIBS=''
PTHREAD_WIN32_DIR_DLL=''
PTHREAD_WIN32_DIR_DLL_WIN_FORM=''
PYTHON=''
RANLIB=''
RUNDIR=''
SED=''
SET_MAKE='MAKE=make'
SHELL='/bin/sh'
SPARSE=''
SPARSEFLAGS=''
SPARSE_EXTRA_INCLUDES=''
SSL_INCLUDES=''
SSL_LDFLAGS=''
SSL_LIBS=''
STRIP=''
VERSION='2.5.10'
VSTUDIO_CONFIG=''
VSTUDIO_DDK_FALSE=''
VSTUDIO_DDK_TRUE=''
WARNING_FLAGS=''
WIN32_FALSE=''
WIN32_TRUE=''
ac_ct_AR=''
ac_ct_CC=''
ac_ct_DUMPBIN=''
am__EXEEXT_FALSE=''
am__EXEEXT_TRUE=''
am__fastdepCC_FALSE=''
am__fastdepCC_TRUE=''
am__include='#'
am__isrc=''
am__leading_dot='.'
am__nodep='_no'
am__quote=''
am__tar='false'
am__untar='false'
bindir='${exec_prefix}/bin'
build=''
build_alias=''
build_cpu=''
build_os=''
build_vendor=''
datadir='${datarootdir}'
datarootdir='${prefix}/share'
docdir='${datarootdir}/doc/${PACKAGE_TARNAME}'
dvidir='${docdir}'
exec_prefix='NONE'
host=''
host_alias=''
host_cpu=''
host_os=''
host_vendor=''
htmldir='${docdir}'
includedir='${prefix}/include'
infodir='${datarootdir}/info'
install_sh='${SHELL} /host/opvswitch/openvswitch-2.5.10/build-aux/install-sh'
libdir='${exec_prefix}/lib'
libexecdir='${exec_prefix}/libexec'
localedir='${datarootdir}/locale'
localstatedir='${prefix}/var'
mandir='${datarootdir}/man'
mkdir_p='$(MKDIR_P)'
oldincludedir='/usr/include'
pdfdir='${docdir}'
prefix='NONE'
program_transform_name='s,x,x,'
psdir='${docdir}'
runstatedir='${localstatedir}/run'
sbindir='${exec_prefix}/sbin'
sharedstatedir='${prefix}/com'
sysconfdir='${prefix}/etc'
target_alias=''

## ----------- ##
## confdefs.h. ##
## ----------- ##

/* confdefs.h */
#define PACKAGE_NAME "openvswitch"
#define PACKAGE_TARNAME "openvswitch"
#define PACKAGE_VERSION "2.5.10"
#define PACKAGE_STRING "openvswitch 2.5.10"
#define PACKAGE_BUGREPORT "bugs@openvswitch.org"
#define PACKAGE_URL ""
#define PACKAGE "openvswitch"
#define VERSION "2.5.10"

configure: exit 1
